d:\computer graphics\re_hw4\hw4\glslexperiment\release\vc141.pdb
d:\computer graphics\re_hw4\hw4\glslexperiment\release\bmpread.obj
d:\computer graphics\re_hw4\hw4\glslexperiment\release\textfile.obj
d:\computer graphics\re_hw4\hw4\glslexperiment\release\spotlight.obj
d:\computer graphics\re_hw4\hw4\glslexperiment\release\mesh.obj
d:\computer graphics\re_hw4\hw4\glslexperiment\release\main.obj
d:\computer graphics\re_hw4\hw4\glslexperiment\release\initshader.obj
d:\computer graphics\re_hw4\hw4\glslexperiment\release\example1.obj
d:\computer graphics\re_hw4\hw4\glslexperiment\release\ctmstack.obj
d:\computer graphics\re_hw4\hw4\release\glslexperiment.ipdb
d:\computer graphics\re_hw4\hw4\release\glslexperiment.iobj
d:\computer graphics\re_hw4\hw4\release\glslexperiment.exe
d:\computer graphics\re_hw4\hw4\release\glslexperiment.pdb
d:\computer graphics\re_hw4\hw4\glslexperiment\release\glslexperiment.tlog\cl.command.1.tlog
d:\computer graphics\re_hw4\hw4\glslexperiment\release\glslexperiment.tlog\cl.read.1.tlog
d:\computer graphics\re_hw4\hw4\glslexperiment\release\glslexperiment.tlog\cl.write.1.tlog
d:\computer graphics\re_hw4\hw4\glslexperiment\release\glslexperiment.tlog\glslexperiment.write.1u.tlog
d:\computer graphics\re_hw4\hw4\glslexperiment\release\glslexperiment.tlog\link.command.1.tlog
d:\computer graphics\re_hw4\hw4\glslexperiment\release\glslexperiment.tlog\link.read.1.tlog
d:\computer graphics\re_hw4\hw4\glslexperiment\release\glslexperiment.tlog\link.write.1.tlog
